<?xml version="1.0" encoding="UTF-8"?>
<Site BuildName="Win32-MSBuild"
	BuildStamp="20200811-1945-Experimental"
	Name="DESKTOP-DM36Q10"
	Generator="ctest-3.17.2"
	CompilerName="C:/Program Files (x86)/Microsoft Visual Studio/2019/Community/VC/Tools/MSVC/14.27.29110/bin/Hostx64/x64/cl.exe"
	CompilerVersion="19.27.29110.0"
	OSName="Windows"
	Hostname="DESKTOP-DM36Q10"
	OSRelease=" Personal"
	OSVersion=" (Build 18363)"
	OSPlatform="AMD64"
	Is64Bits="1"
	VendorString="GenuineIntel"
	VendorID="Intel Corporation"
	FamilyID="6"
	ModelID="14"
	ProcessorCacheSize="-1"
	NumberOfLogicalCPU="12"
	NumberOfPhysicalCPU="6"
	TotalVirtualMemory="15202"
	TotalPhysicalMemory="8034"
	LogicalProcessorsPerPhysical="2"
	ProcessorClockFrequency="2592"
	>
	<Configure>
		<StartDateTime>Aug 11 21:45 ?rodkowoeuropejski czas letni</StartDateTime>
		<StartConfigureTime>1597175122</StartConfigureTime>
		<ConfigureCommand>"C:/Program Files/CMake/bin/cmake.exe" "C:/Users/artur/OneDrive/Desktop/HelloWorld"</ConfigureCommand>
		<Log>-- Selecting Windows SDK version 10.0.18362.0 to target Windows 10.0.18363.
-- Configuring done
-- Generating done
-- Build files have been written to: C:/Users/artur/OneDrive/Desktop/HelloWorld/Build
</Log>
		<ConfigureStatus>0</ConfigureStatus>
		<EndDateTime>Aug 11 21:45 ?rodkowoeuropejski czas letni</EndDateTime>
		<EndConfigureTime>1597175123</EndConfigureTime>
		<ElapsedMinutes>0</ElapsedMinutes>
	</Configure>
</Site>
